[2025-11-02 10:34:09 +0800] [429821] [INFO] Starting gunicorn 23.0.0
[2025-11-02 10:34:09 +0800] [429821] [ERROR] Connection in use: ('127.0.0.1', 5000)
[2025-11-02 10:34:09 +0800] [429821] [ERROR] connection to ('127.0.0.1', 5000) failed: [Errno 98] Address already in use
[2025-11-02 10:34:10 +0800] [429821] [ERROR] Connection in use: ('127.0.0.1', 5000)
[2025-11-02 10:34:10 +0800] [429821] [ERROR] connection to ('127.0.0.1', 5000) failed: [Errno 98] Address already in use
[2025-11-02 10:34:11 +0800] [429821] [INFO] Listening at: http://127.0.0.1:5000 (429821)
[2025-11-02 10:34:11 +0800] [429821] [INFO] Using worker: sync
[2025-11-02 10:34:11 +0800] [429824] [INFO] Booting worker with pid: 429824
[2025-11-02 10:34:11 +0800] [429825] [INFO] Booting worker with pid: 429825
[2025-11-02 10:34:11 +0800] [429826] [INFO] Booting worker with pid: 429826
[2025-11-02 10:52:07 +0800] [429821] [INFO] Handling signal: term
[2025-11-02 10:52:07 +0800] [429825] [INFO] Worker exiting (pid: 429825)
[2025-11-02 10:52:07 +0800] [429824] [INFO] Worker exiting (pid: 429824)
[2025-11-02 10:52:07 +0800] [429826] [INFO] Worker exiting (pid: 429826)
[2025-11-02 10:52:07 +0800] [429821] [ERROR] Worker (pid:429824) was sent SIGTERM!
[2025-11-02 10:52:07 +0800] [429821] [ERROR] Worker (pid:429826) was sent SIGTERM!
[2025-11-02 10:52:07 +0800] [429821] [ERROR] Worker (pid:429825) was sent SIGTERM!
[2025-11-02 10:52:07 +0800] [429821] [INFO] Shutting down: Master
[2025-11-02 10:54:55 +0800] [436109] [INFO] Starting gunicorn 23.0.0
[2025-11-02 10:54:55 +0800] [436109] [INFO] Listening at: http://127.0.0.1:5000 (436109)
[2025-11-02 10:54:55 +0800] [436109] [INFO] Using worker: sync
[2025-11-02 10:54:55 +0800] [436114] [INFO] Booting worker with pid: 436114
[2025-11-02 10:54:55 +0800] [436117] [INFO] Booting worker with pid: 436117
[2025-11-02 10:54:55 +0800] [436118] [INFO] Booting worker with pid: 436118
[2025-11-02 21:50:48 +0800] [436109] [INFO] Handling signal: term
[2025-11-02 21:50:48 +0800] [436114] [INFO] Worker exiting (pid: 436114)
[2025-11-02 21:50:48 +0800] [436118] [INFO] Worker exiting (pid: 436118)
[2025-11-02 21:50:48 +0800] [436117] [INFO] Worker exiting (pid: 436117)
[2025-11-02 21:50:49 +0800] [436109] [INFO] Shutting down: Master
[2025-11-02 21:50:50 +0800] [454116] [INFO] Starting gunicorn 23.0.0
[2025-11-02 21:50:50 +0800] [454116] [INFO] Listening at: http://127.0.0.1:5000 (454116)
[2025-11-02 21:50:50 +0800] [454116] [INFO] Using worker: sync
[2025-11-02 21:50:50 +0800] [454117] [INFO] Booting worker with pid: 454117
[2025-11-02 21:50:50 +0800] [454118] [INFO] Booting worker with pid: 454118
[2025-11-02 21:50:50 +0800] [454119] [INFO] Booting worker with pid: 454119
[2025-11-02 21:51:36 +0800] [454118] [INFO] Worker exiting (pid: 454118)
[2025-11-02 21:51:36 +0800] [454117] [INFO] Worker exiting (pid: 454117)
[2025-11-02 21:51:36 +0800] [454116] [INFO] Handling signal: term
[2025-11-02 21:51:36 +0800] [454119] [INFO] Worker exiting (pid: 454119)
[2025-11-02 21:51:36 +0800] [454116] [ERROR] Worker (pid:454118) was sent SIGTERM!
[2025-11-02 21:51:36 +0800] [454116] [ERROR] Worker (pid:454117) was sent SIGTERM!
[2025-11-02 21:51:36 +0800] [454116] [ERROR] Worker (pid:454119) was sent SIGTERM!
[2025-11-02 21:51:36 +0800] [454116] [INFO] Shutting down: Master
[2025-11-02 21:51:37 +0800] [454147] [INFO] Starting gunicorn 23.0.0
[2025-11-02 21:51:37 +0800] [454147] [INFO] Listening at: http://127.0.0.1:5000 (454147)
[2025-11-02 21:51:37 +0800] [454147] [INFO] Using worker: sync
[2025-11-02 21:51:37 +0800] [454149] [INFO] Booting worker with pid: 454149
[2025-11-02 21:51:38 +0800] [454150] [INFO] Booting worker with pid: 454150
[2025-11-02 21:51:38 +0800] [454151] [INFO] Booting worker with pid: 454151
[2025-11-02 21:55:13 +0800] [454147] [INFO] Handling signal: term
[2025-11-02 21:55:13 +0800] [454151] [INFO] Worker exiting (pid: 454151)
[2025-11-02 21:55:13 +0800] [454149] [INFO] Worker exiting (pid: 454149)
[2025-11-02 21:55:13 +0800] [454150] [INFO] Worker exiting (pid: 454150)
[2025-11-02 21:55:13 +0800] [454147] [ERROR] Worker (pid:454151) was sent SIGTERM!
[2025-11-02 21:55:14 +0800] [454147] [INFO] Shutting down: Master
[2025-11-02 21:55:15 +0800] [454226] [INFO] Starting gunicorn 23.0.0
[2025-11-02 21:55:15 +0800] [454226] [INFO] Listening at: http://127.0.0.1:5000 (454226)
[2025-11-02 21:55:15 +0800] [454226] [INFO] Using worker: sync
[2025-11-02 21:55:15 +0800] [454227] [INFO] Booting worker with pid: 454227
[2025-11-02 21:55:15 +0800] [454228] [INFO] Booting worker with pid: 454228
[2025-11-02 21:55:15 +0800] [454229] [INFO] Booting worker with pid: 454229
[2025-11-02 21:59:32 +0800] [454226] [INFO] Handling signal: term
[2025-11-02 21:59:32 +0800] [454227] [INFO] Worker exiting (pid: 454227)
[2025-11-02 21:59:32 +0800] [454229] [INFO] Worker exiting (pid: 454229)
[2025-11-02 21:59:32 +0800] [454228] [INFO] Worker exiting (pid: 454228)
[2025-11-02 21:59:33 +0800] [454226] [INFO] Shutting down: Master
[2025-11-02 21:59:34 +0800] [454339] [INFO] Starting gunicorn 23.0.0
[2025-11-02 21:59:34 +0800] [454339] [INFO] Listening at: http://127.0.0.1:5000 (454339)
[2025-11-02 21:59:34 +0800] [454339] [INFO] Using worker: sync
[2025-11-02 21:59:34 +0800] [454340] [INFO] Booting worker with pid: 454340
[2025-11-02 21:59:34 +0800] [454343] [INFO] Booting worker with pid: 454343
[2025-11-02 21:59:34 +0800] [454344] [INFO] Booting worker with pid: 454344
[2025-11-02 22:01:09 +0800] [454343] [INFO] Worker exiting (pid: 454343)
[2025-11-02 22:01:09 +0800] [454340] [INFO] Worker exiting (pid: 454340)
[2025-11-02 22:01:09 +0800] [454339] [INFO] Handling signal: term
[2025-11-02 22:01:09 +0800] [454344] [INFO] Worker exiting (pid: 454344)
[2025-11-02 22:01:09 +0800] [454339] [ERROR] Worker (pid:454343) was sent SIGTERM!
[2025-11-02 22:01:10 +0800] [454339] [INFO] Shutting down: Master
[2025-11-02 22:01:11 +0800] [454385] [INFO] Starting gunicorn 23.0.0
[2025-11-02 22:01:11 +0800] [454385] [INFO] Listening at: http://127.0.0.1:5000 (454385)
[2025-11-02 22:01:11 +0800] [454385] [INFO] Using worker: sync
[2025-11-02 22:01:11 +0800] [454388] [INFO] Booting worker with pid: 454388
[2025-11-02 22:01:11 +0800] [454389] [INFO] Booting worker with pid: 454389
[2025-11-02 22:01:11 +0800] [454390] [INFO] Booting worker with pid: 454390
[2025-11-02 22:06:43 +0800] [454388] [INFO] Worker exiting (pid: 454388)
[2025-11-02 22:06:43 +0800] [454389] [INFO] Worker exiting (pid: 454389)
[2025-11-02 22:06:43 +0800] [454385] [INFO] Handling signal: term
[2025-11-02 22:06:43 +0800] [454390] [INFO] Worker exiting (pid: 454390)
[2025-11-02 22:06:44 +0800] [454385] [INFO] Shutting down: Master
[2025-11-02 22:06:45 +0800] [454516] [INFO] Starting gunicorn 23.0.0
[2025-11-02 22:06:45 +0800] [454516] [INFO] Listening at: http://127.0.0.1:5000 (454516)
[2025-11-02 22:06:45 +0800] [454516] [INFO] Using worker: sync
[2025-11-02 22:06:45 +0800] [454518] [INFO] Booting worker with pid: 454518
[2025-11-02 22:06:45 +0800] [454519] [INFO] Booting worker with pid: 454519
[2025-11-02 22:06:45 +0800] [454520] [INFO] Booting worker with pid: 454520
[2025-11-02 22:11:53 +0800] [454519] [INFO] Worker exiting (pid: 454519)
[2025-11-02 22:11:53 +0800] [454516] [INFO] Handling signal: term
[2025-11-02 22:11:53 +0800] [454518] [INFO] Worker exiting (pid: 454518)
[2025-11-02 22:11:53 +0800] [454520] [INFO] Worker exiting (pid: 454520)
[2025-11-02 22:11:54 +0800] [454516] [INFO] Shutting down: Master
[2025-11-02 22:11:55 +0800] [454652] [INFO] Starting gunicorn 23.0.0
[2025-11-02 22:11:55 +0800] [454652] [INFO] Listening at: http://127.0.0.1:5000 (454652)
[2025-11-02 22:11:55 +0800] [454652] [INFO] Using worker: sync
[2025-11-02 22:11:55 +0800] [454654] [INFO] Booting worker with pid: 454654
[2025-11-02 22:11:55 +0800] [454655] [INFO] Booting worker with pid: 454655
[2025-11-02 22:11:55 +0800] [454656] [INFO] Booting worker with pid: 454656
[2025-11-02 22:36:43 +0800] [454652] [INFO] Handling signal: term
[2025-11-02 22:36:43 +0800] [454654] [INFO] Worker exiting (pid: 454654)
[2025-11-02 22:36:43 +0800] [454655] [INFO] Worker exiting (pid: 454655)
[2025-11-02 22:36:43 +0800] [454656] [INFO] Worker exiting (pid: 454656)
[2025-11-02 22:36:44 +0800] [454652] [INFO] Shutting down: Master
[2025-11-02 22:36:45 +0800] [455712] [INFO] Starting gunicorn 23.0.0
[2025-11-02 22:36:45 +0800] [455712] [INFO] Listening at: http://127.0.0.1:5000 (455712)
[2025-11-02 22:36:45 +0800] [455712] [INFO] Using worker: sync
[2025-11-02 22:36:45 +0800] [455714] [INFO] Booting worker with pid: 455714
[2025-11-02 22:36:45 +0800] [455715] [INFO] Booting worker with pid: 455715
[2025-11-02 22:36:45 +0800] [455716] [INFO] Booting worker with pid: 455716
[2025-11-02 22:40:26 +0800] [455715] [INFO] Worker exiting (pid: 455715)
[2025-11-02 22:40:26 +0800] [455716] [INFO] Worker exiting (pid: 455716)
[2025-11-02 22:40:26 +0800] [455714] [INFO] Worker exiting (pid: 455714)
[2025-11-02 22:40:26 +0800] [455712] [INFO] Handling signal: term
[2025-11-02 22:40:26 +0800] [455712] [ERROR] Worker (pid:455714) was sent SIGTERM!
[2025-11-02 22:40:26 +0800] [455712] [ERROR] Worker (pid:455715) was sent SIGTERM!
[2025-11-02 22:40:26 +0800] [455712] [ERROR] Worker (pid:455716) was sent SIGTERM!
[2025-11-02 22:40:26 +0800] [455712] [INFO] Shutting down: Master
[2025-11-02 22:40:27 +0800] [455782] [INFO] Starting gunicorn 23.0.0
[2025-11-02 22:40:27 +0800] [455782] [INFO] Listening at: http://127.0.0.1:5000 (455782)
[2025-11-02 22:40:27 +0800] [455782] [INFO] Using worker: sync
[2025-11-02 22:40:27 +0800] [455783] [INFO] Booting worker with pid: 455783
[2025-11-02 22:40:27 +0800] [455784] [INFO] Booting worker with pid: 455784
[2025-11-02 22:40:27 +0800] [455785] [INFO] Booting worker with pid: 455785
[2025-11-02 22:49:18 +0800] [455784] [INFO] Worker exiting (pid: 455784)
[2025-11-02 22:49:18 +0800] [455785] [INFO] Worker exiting (pid: 455785)
[2025-11-02 22:49:18 +0800] [455783] [INFO] Worker exiting (pid: 455783)
[2025-11-02 22:49:18 +0800] [455782] [INFO] Handling signal: term
[2025-11-02 22:49:18 +0800] [455782] [ERROR] Worker (pid:455783) was sent SIGTERM!
[2025-11-02 22:49:18 +0800] [455782] [ERROR] Worker (pid:455784) was sent SIGTERM!
[2025-11-02 22:49:18 +0800] [455782] [INFO] Shutting down: Master
[2025-11-02 22:49:19 +0800] [455914] [INFO] Starting gunicorn 23.0.0
[2025-11-02 22:49:19 +0800] [455914] [INFO] Listening at: http://127.0.0.1:5000 (455914)
[2025-11-02 22:49:19 +0800] [455914] [INFO] Using worker: sync
[2025-11-02 22:49:19 +0800] [455916] [INFO] Booting worker with pid: 455916
[2025-11-02 22:49:19 +0800] [455917] [INFO] Booting worker with pid: 455917
[2025-11-02 22:49:19 +0800] [455918] [INFO] Booting worker with pid: 455918
[2025-11-02 23:04:40 +0800] [455916] [INFO] Worker exiting (pid: 455916)
[2025-11-02 23:04:40 +0800] [455914] [INFO] Handling signal: term
[2025-11-02 23:04:40 +0800] [455918] [INFO] Worker exiting (pid: 455918)
[2025-11-02 23:04:40 +0800] [455917] [INFO] Worker exiting (pid: 455917)
[2025-11-02 23:04:40 +0800] [455914] [INFO] Shutting down: Master
[2025-11-02 23:04:42 +0800] [456155] [INFO] Starting gunicorn 23.0.0
[2025-11-02 23:04:42 +0800] [456155] [INFO] Listening at: http://127.0.0.1:5000 (456155)
[2025-11-02 23:04:42 +0800] [456155] [INFO] Using worker: sync
[2025-11-02 23:04:42 +0800] [456157] [INFO] Booting worker with pid: 456157
[2025-11-02 23:04:42 +0800] [456158] [INFO] Booting worker with pid: 456158
[2025-11-02 23:04:42 +0800] [456159] [INFO] Booting worker with pid: 456159
[2025-11-02 23:11:55 +0800] [456157] [INFO] Worker exiting (pid: 456157)
[2025-11-02 23:11:55 +0800] [456155] [INFO] Handling signal: term
[2025-11-02 23:11:55 +0800] [456159] [INFO] Worker exiting (pid: 456159)
[2025-11-02 23:11:55 +0800] [456158] [INFO] Worker exiting (pid: 456158)
[2025-11-02 23:11:55 +0800] [456155] [ERROR] Worker (pid:456159) was sent SIGTERM!
[2025-11-02 23:11:55 +0800] [456155] [ERROR] Worker (pid:456158) was sent SIGTERM!
[2025-11-02 23:11:55 +0800] [456155] [INFO] Shutting down: Master
[2025-11-02 23:11:56 +0800] [456626] [INFO] Starting gunicorn 23.0.0
[2025-11-02 23:11:56 +0800] [456626] [INFO] Listening at: http://127.0.0.1:5000 (456626)
[2025-11-02 23:11:56 +0800] [456626] [INFO] Using worker: sync
[2025-11-02 23:11:56 +0800] [456628] [INFO] Booting worker with pid: 456628
[2025-11-02 23:11:56 +0800] [456629] [INFO] Booting worker with pid: 456629
[2025-11-02 23:11:56 +0800] [456630] [INFO] Booting worker with pid: 456630
[2025-11-02 23:14:40 +0800] [456630] [INFO] Worker exiting (pid: 456630)
[2025-11-02 23:14:40 +0800] [456629] [INFO] Worker exiting (pid: 456629)
[2025-11-02 23:14:40 +0800] [456628] [INFO] Worker exiting (pid: 456628)
[2025-11-02 23:14:40 +0800] [456626] [INFO] Handling signal: term
[2025-11-02 23:14:40 +0800] [456626] [ERROR] Worker (pid:456629) was sent SIGTERM!
[2025-11-02 23:14:40 +0800] [456626] [ERROR] Worker (pid:456628) was sent SIGTERM!
[2025-11-02 23:14:40 +0800] [456626] [ERROR] Worker (pid:456630) was sent SIGTERM!
[2025-11-02 23:14:40 +0800] [456626] [INFO] Shutting down: Master
[2025-11-02 23:14:41 +0800] [456669] [INFO] Starting gunicorn 23.0.0
[2025-11-02 23:14:41 +0800] [456669] [INFO] Listening at: http://127.0.0.1:5000 (456669)
[2025-11-02 23:14:41 +0800] [456669] [INFO] Using worker: sync
[2025-11-02 23:14:41 +0800] [456670] [INFO] Booting worker with pid: 456670
[2025-11-02 23:14:41 +0800] [456671] [INFO] Booting worker with pid: 456671
[2025-11-02 23:14:41 +0800] [456672] [INFO] Booting worker with pid: 456672
[2025-11-02 23:16:15 +0800] [456672] [INFO] Worker exiting (pid: 456672)
[2025-11-02 23:16:15 +0800] [456669] [INFO] Handling signal: term
[2025-11-02 23:16:15 +0800] [456671] [INFO] Worker exiting (pid: 456671)
[2025-11-02 23:16:15 +0800] [456670] [INFO] Worker exiting (pid: 456670)
[2025-11-02 23:16:15 +0800] [456669] [ERROR] Worker (pid:456672) was sent SIGTERM!
[2025-11-02 23:16:15 +0800] [456669] [ERROR] Worker (pid:456671) was sent SIGTERM!
[2025-11-02 23:16:15 +0800] [456669] [INFO] Shutting down: Master
[2025-11-02 23:16:16 +0800] [456708] [INFO] Starting gunicorn 23.0.0
[2025-11-02 23:16:16 +0800] [456708] [INFO] Listening at: http://127.0.0.1:5000 (456708)
[2025-11-02 23:16:16 +0800] [456708] [INFO] Using worker: sync
[2025-11-02 23:16:16 +0800] [456711] [INFO] Booting worker with pid: 456711
[2025-11-02 23:16:16 +0800] [456712] [INFO] Booting worker with pid: 456712
[2025-11-02 23:16:16 +0800] [456713] [INFO] Booting worker with pid: 456713
[2025-11-02 23:44:10,339] ERROR in app: Exception on / [GET]
Traceback (most recent call last):
  File "/www/wwwroot/repiece.top/.venv/lib/python3.12/site-packages/flask/app.py", line 1511, in wsgi_app
    response = self.full_dispatch_request()
               ^^^^^^^^^^^^^^^^^^^^^^^^^^^^
  File "/www/wwwroot/repiece.top/.venv/lib/python3.12/site-packages/flask/app.py", line 919, in full_dispatch_request
    rv = self.handle_user_exception(e)
         ^^^^^^^^^^^^^^^^^^^^^^^^^^^^^
  File "/www/wwwroot/repiece.top/.venv/lib/python3.12/site-packages/flask/app.py", line 917, in full_dispatch_request
    rv = self.dispatch_request()
         ^^^^^^^^^^^^^^^^^^^^^^^
  File "/www/wwwroot/repiece.top/.venv/lib/python3.12/site-packages/flask/app.py", line 902, in dispatch_request
    return self.ensure_sync(self.view_functions[rule.endpoint])(**view_args)  # type: ignore[no-any-return]
           ^^^^^^^^^^^^^^^^^^^^^^^^^^^^^^^^^^^^^^^^^^^^^^^^^^^^^^^^^^^^^^^^^
  File "/www/wwwroot/repiece.top/app.py", line 42, in home
    print(client_ip, request.headers['User-Agent'].split())
                     ~~~~~~~~~~~~~~~^^^^^^^^^^^^^^
  File "/www/wwwroot/repiece.top/.venv/lib/python3.12/site-packages/werkzeug/datastructures/headers.py", line 628, in __getitem__
    return self._get_key(key)
           ^^^^^^^^^^^^^^^^^^
  File "/www/wwwroot/repiece.top/.venv/lib/python3.12/site-packages/werkzeug/datastructures/headers.py", line 639, in _get_key
    return self.environ[f"HTTP_{key}"]  # type: ignore[no-any-return]
           ~~~~~~~~~~~~^^^^^^^^^^^^^^^
KeyError: 'HTTP_USER_AGENT'
[2025-11-03 01:37:03,915] ERROR in app: Exception on / [GET]
Traceback (most recent call last):
  File "/www/wwwroot/repiece.top/.venv/lib/python3.12/site-packages/flask/app.py", line 1511, in wsgi_app
    response = self.full_dispatch_request()
               ^^^^^^^^^^^^^^^^^^^^^^^^^^^^
  File "/www/wwwroot/repiece.top/.venv/lib/python3.12/site-packages/flask/app.py", line 919, in full_dispatch_request
    rv = self.handle_user_exception(e)
         ^^^^^^^^^^^^^^^^^^^^^^^^^^^^^
  File "/www/wwwroot/repiece.top/.venv/lib/python3.12/site-packages/flask/app.py", line 917, in full_dispatch_request
    rv = self.dispatch_request()
         ^^^^^^^^^^^^^^^^^^^^^^^
  File "/www/wwwroot/repiece.top/.venv/lib/python3.12/site-packages/flask/app.py", line 902, in dispatch_request
    return self.ensure_sync(self.view_functions[rule.endpoint])(**view_args)  # type: ignore[no-any-return]
           ^^^^^^^^^^^^^^^^^^^^^^^^^^^^^^^^^^^^^^^^^^^^^^^^^^^^^^^^^^^^^^^^^
  File "/www/wwwroot/repiece.top/app.py", line 42, in home
    print(client_ip, request.headers['User-Agent'].split())
                     ~~~~~~~~~~~~~~~^^^^^^^^^^^^^^
  File "/www/wwwroot/repiece.top/.venv/lib/python3.12/site-packages/werkzeug/datastructures/headers.py", line 628, in __getitem__
    return self._get_key(key)
           ^^^^^^^^^^^^^^^^^^
  File "/www/wwwroot/repiece.top/.venv/lib/python3.12/site-packages/werkzeug/datastructures/headers.py", line 639, in _get_key
    return self.environ[f"HTTP_{key}"]  # type: ignore[no-any-return]
           ~~~~~~~~~~~~^^^^^^^^^^^^^^^
KeyError: 'HTTP_USER_AGENT'
[2025-11-03 02:24:28,150] ERROR in app: Exception on / [GET]
Traceback (most recent call last):
  File "/www/wwwroot/repiece.top/.venv/lib/python3.12/site-packages/flask/app.py", line 1511, in wsgi_app
    response = self.full_dispatch_request()
               ^^^^^^^^^^^^^^^^^^^^^^^^^^^^
  File "/www/wwwroot/repiece.top/.venv/lib/python3.12/site-packages/flask/app.py", line 919, in full_dispatch_request
    rv = self.handle_user_exception(e)
         ^^^^^^^^^^^^^^^^^^^^^^^^^^^^^
  File "/www/wwwroot/repiece.top/.venv/lib/python3.12/site-packages/flask/app.py", line 917, in full_dispatch_request
    rv = self.dispatch_request()
         ^^^^^^^^^^^^^^^^^^^^^^^
  File "/www/wwwroot/repiece.top/.venv/lib/python3.12/site-packages/flask/app.py", line 902, in dispatch_request
    return self.ensure_sync(self.view_functions[rule.endpoint])(**view_args)  # type: ignore[no-any-return]
           ^^^^^^^^^^^^^^^^^^^^^^^^^^^^^^^^^^^^^^^^^^^^^^^^^^^^^^^^^^^^^^^^^
  File "/www/wwwroot/repiece.top/app.py", line 42, in home
    print(client_ip, request.headers['User-Agent'].split())
                     ~~~~~~~~~~~~~~~^^^^^^^^^^^^^^
  File "/www/wwwroot/repiece.top/.venv/lib/python3.12/site-packages/werkzeug/datastructures/headers.py", line 628, in __getitem__
    return self._get_key(key)
           ^^^^^^^^^^^^^^^^^^
  File "/www/wwwroot/repiece.top/.venv/lib/python3.12/site-packages/werkzeug/datastructures/headers.py", line 639, in _get_key
    return self.environ[f"HTTP_{key}"]  # type: ignore[no-any-return]
           ~~~~~~~~~~~~^^^^^^^^^^^^^^^
KeyError: 'HTTP_USER_AGENT'
[2025-11-03 03:48:26,135] ERROR in app: Exception on / [GET]
Traceback (most recent call last):
  File "/www/wwwroot/repiece.top/.venv/lib/python3.12/site-packages/flask/app.py", line 1511, in wsgi_app
    response = self.full_dispatch_request()
               ^^^^^^^^^^^^^^^^^^^^^^^^^^^^
  File "/www/wwwroot/repiece.top/.venv/lib/python3.12/site-packages/flask/app.py", line 919, in full_dispatch_request
    rv = self.handle_user_exception(e)
         ^^^^^^^^^^^^^^^^^^^^^^^^^^^^^
  File "/www/wwwroot/repiece.top/.venv/lib/python3.12/site-packages/flask/app.py", line 917, in full_dispatch_request
    rv = self.dispatch_request()
         ^^^^^^^^^^^^^^^^^^^^^^^
  File "/www/wwwroot/repiece.top/.venv/lib/python3.12/site-packages/flask/app.py", line 902, in dispatch_request
    return self.ensure_sync(self.view_functions[rule.endpoint])(**view_args)  # type: ignore[no-any-return]
           ^^^^^^^^^^^^^^^^^^^^^^^^^^^^^^^^^^^^^^^^^^^^^^^^^^^^^^^^^^^^^^^^^
  File "/www/wwwroot/repiece.top/app.py", line 42, in home
    print(client_ip, request.headers['User-Agent'].split())
                     ~~~~~~~~~~~~~~~^^^^^^^^^^^^^^
  File "/www/wwwroot/repiece.top/.venv/lib/python3.12/site-packages/werkzeug/datastructures/headers.py", line 628, in __getitem__
    return self._get_key(key)
           ^^^^^^^^^^^^^^^^^^
  File "/www/wwwroot/repiece.top/.venv/lib/python3.12/site-packages/werkzeug/datastructures/headers.py", line 639, in _get_key
    return self.environ[f"HTTP_{key}"]  # type: ignore[no-any-return]
           ~~~~~~~~~~~~^^^^^^^^^^^^^^^
KeyError: 'HTTP_USER_AGENT'
[2025-11-03 05:05:57,687] ERROR in app: Exception on / [GET]
Traceback (most recent call last):
  File "/www/wwwroot/repiece.top/.venv/lib/python3.12/site-packages/flask/app.py", line 1511, in wsgi_app
    response = self.full_dispatch_request()
               ^^^^^^^^^^^^^^^^^^^^^^^^^^^^
  File "/www/wwwroot/repiece.top/.venv/lib/python3.12/site-packages/flask/app.py", line 919, in full_dispatch_request
    rv = self.handle_user_exception(e)
         ^^^^^^^^^^^^^^^^^^^^^^^^^^^^^
  File "/www/wwwroot/repiece.top/.venv/lib/python3.12/site-packages/flask/app.py", line 917, in full_dispatch_request
    rv = self.dispatch_request()
         ^^^^^^^^^^^^^^^^^^^^^^^
  File "/www/wwwroot/repiece.top/.venv/lib/python3.12/site-packages/flask/app.py", line 902, in dispatch_request
    return self.ensure_sync(self.view_functions[rule.endpoint])(**view_args)  # type: ignore[no-any-return]
           ^^^^^^^^^^^^^^^^^^^^^^^^^^^^^^^^^^^^^^^^^^^^^^^^^^^^^^^^^^^^^^^^^
  File "/www/wwwroot/repiece.top/app.py", line 42, in home
    print(client_ip, request.headers['User-Agent'].split())
                     ~~~~~~~~~~~~~~~^^^^^^^^^^^^^^
  File "/www/wwwroot/repiece.top/.venv/lib/python3.12/site-packages/werkzeug/datastructures/headers.py", line 628, in __getitem__
    return self._get_key(key)
           ^^^^^^^^^^^^^^^^^^
  File "/www/wwwroot/repiece.top/.venv/lib/python3.12/site-packages/werkzeug/datastructures/headers.py", line 639, in _get_key
    return self.environ[f"HTTP_{key}"]  # type: ignore[no-any-return]
           ~~~~~~~~~~~~^^^^^^^^^^^^^^^
KeyError: 'HTTP_USER_AGENT'
[2025-11-03 05:06:32,373] ERROR in app: Exception on / [GET]
Traceback (most recent call last):
  File "/www/wwwroot/repiece.top/.venv/lib/python3.12/site-packages/flask/app.py", line 1511, in wsgi_app
    response = self.full_dispatch_request()
               ^^^^^^^^^^^^^^^^^^^^^^^^^^^^
  File "/www/wwwroot/repiece.top/.venv/lib/python3.12/site-packages/flask/app.py", line 919, in full_dispatch_request
    rv = self.handle_user_exception(e)
         ^^^^^^^^^^^^^^^^^^^^^^^^^^^^^
  File "/www/wwwroot/repiece.top/.venv/lib/python3.12/site-packages/flask/app.py", line 917, in full_dispatch_request
    rv = self.dispatch_request()
         ^^^^^^^^^^^^^^^^^^^^^^^
  File "/www/wwwroot/repiece.top/.venv/lib/python3.12/site-packages/flask/app.py", line 902, in dispatch_request
    return self.ensure_sync(self.view_functions[rule.endpoint])(**view_args)  # type: ignore[no-any-return]
           ^^^^^^^^^^^^^^^^^^^^^^^^^^^^^^^^^^^^^^^^^^^^^^^^^^^^^^^^^^^^^^^^^
  File "/www/wwwroot/repiece.top/app.py", line 42, in home
    print(client_ip, request.headers['User-Agent'].split())
                     ~~~~~~~~~~~~~~~^^^^^^^^^^^^^^
  File "/www/wwwroot/repiece.top/.venv/lib/python3.12/site-packages/werkzeug/datastructures/headers.py", line 628, in __getitem__
    return self._get_key(key)
           ^^^^^^^^^^^^^^^^^^
  File "/www/wwwroot/repiece.top/.venv/lib/python3.12/site-packages/werkzeug/datastructures/headers.py", line 639, in _get_key
    return self.environ[f"HTTP_{key}"]  # type: ignore[no-any-return]
           ~~~~~~~~~~~~^^^^^^^^^^^^^^^
KeyError: 'HTTP_USER_AGENT'
[2025-11-03 05:55:27,035] ERROR in app: Exception on / [GET]
Traceback (most recent call last):
  File "/www/wwwroot/repiece.top/.venv/lib/python3.12/site-packages/flask/app.py", line 1511, in wsgi_app
    response = self.full_dispatch_request()
               ^^^^^^^^^^^^^^^^^^^^^^^^^^^^
  File "/www/wwwroot/repiece.top/.venv/lib/python3.12/site-packages/flask/app.py", line 919, in full_dispatch_request
    rv = self.handle_user_exception(e)
         ^^^^^^^^^^^^^^^^^^^^^^^^^^^^^
  File "/www/wwwroot/repiece.top/.venv/lib/python3.12/site-packages/flask/app.py", line 917, in full_dispatch_request
    rv = self.dispatch_request()
         ^^^^^^^^^^^^^^^^^^^^^^^
  File "/www/wwwroot/repiece.top/.venv/lib/python3.12/site-packages/flask/app.py", line 902, in dispatch_request
    return self.ensure_sync(self.view_functions[rule.endpoint])(**view_args)  # type: ignore[no-any-return]
           ^^^^^^^^^^^^^^^^^^^^^^^^^^^^^^^^^^^^^^^^^^^^^^^^^^^^^^^^^^^^^^^^^
  File "/www/wwwroot/repiece.top/app.py", line 42, in home
    print(client_ip, request.headers['User-Agent'].split())
                     ~~~~~~~~~~~~~~~^^^^^^^^^^^^^^
  File "/www/wwwroot/repiece.top/.venv/lib/python3.12/site-packages/werkzeug/datastructures/headers.py", line 628, in __getitem__
    return self._get_key(key)
           ^^^^^^^^^^^^^^^^^^
  File "/www/wwwroot/repiece.top/.venv/lib/python3.12/site-packages/werkzeug/datastructures/headers.py", line 639, in _get_key
    return self.environ[f"HTTP_{key}"]  # type: ignore[no-any-return]
           ~~~~~~~~~~~~^^^^^^^^^^^^^^^
KeyError: 'HTTP_USER_AGENT'
[2025-11-03 08:54:23,509] ERROR in app: Exception on / [GET]
Traceback (most recent call last):
  File "/www/wwwroot/repiece.top/.venv/lib/python3.12/site-packages/flask/app.py", line 1511, in wsgi_app
    response = self.full_dispatch_request()
               ^^^^^^^^^^^^^^^^^^^^^^^^^^^^
  File "/www/wwwroot/repiece.top/.venv/lib/python3.12/site-packages/flask/app.py", line 919, in full_dispatch_request
    rv = self.handle_user_exception(e)
         ^^^^^^^^^^^^^^^^^^^^^^^^^^^^^
  File "/www/wwwroot/repiece.top/.venv/lib/python3.12/site-packages/flask/app.py", line 917, in full_dispatch_request
    rv = self.dispatch_request()
         ^^^^^^^^^^^^^^^^^^^^^^^
  File "/www/wwwroot/repiece.top/.venv/lib/python3.12/site-packages/flask/app.py", line 902, in dispatch_request
    return self.ensure_sync(self.view_functions[rule.endpoint])(**view_args)  # type: ignore[no-any-return]
           ^^^^^^^^^^^^^^^^^^^^^^^^^^^^^^^^^^^^^^^^^^^^^^^^^^^^^^^^^^^^^^^^^
  File "/www/wwwroot/repiece.top/app.py", line 42, in home
    print(client_ip, request.headers['User-Agent'].split())
                     ~~~~~~~~~~~~~~~^^^^^^^^^^^^^^
  File "/www/wwwroot/repiece.top/.venv/lib/python3.12/site-packages/werkzeug/datastructures/headers.py", line 628, in __getitem__
    return self._get_key(key)
           ^^^^^^^^^^^^^^^^^^
  File "/www/wwwroot/repiece.top/.venv/lib/python3.12/site-packages/werkzeug/datastructures/headers.py", line 639, in _get_key
    return self.environ[f"HTTP_{key}"]  # type: ignore[no-any-return]
           ~~~~~~~~~~~~^^^^^^^^^^^^^^^
KeyError: 'HTTP_USER_AGENT'
[2025-11-03 09:12:30,089] ERROR in app: Exception on / [GET]
Traceback (most recent call last):
  File "/www/wwwroot/repiece.top/.venv/lib/python3.12/site-packages/flask/app.py", line 1511, in wsgi_app
    response = self.full_dispatch_request()
               ^^^^^^^^^^^^^^^^^^^^^^^^^^^^
  File "/www/wwwroot/repiece.top/.venv/lib/python3.12/site-packages/flask/app.py", line 919, in full_dispatch_request
    rv = self.handle_user_exception(e)
         ^^^^^^^^^^^^^^^^^^^^^^^^^^^^^
  File "/www/wwwroot/repiece.top/.venv/lib/python3.12/site-packages/flask/app.py", line 917, in full_dispatch_request
    rv = self.dispatch_request()
         ^^^^^^^^^^^^^^^^^^^^^^^
  File "/www/wwwroot/repiece.top/.venv/lib/python3.12/site-packages/flask/app.py", line 902, in dispatch_request
    return self.ensure_sync(self.view_functions[rule.endpoint])(**view_args)  # type: ignore[no-any-return]
           ^^^^^^^^^^^^^^^^^^^^^^^^^^^^^^^^^^^^^^^^^^^^^^^^^^^^^^^^^^^^^^^^^
  File "/www/wwwroot/repiece.top/app.py", line 42, in home
    print(client_ip, request.headers['User-Agent'].split())
                     ~~~~~~~~~~~~~~~^^^^^^^^^^^^^^
  File "/www/wwwroot/repiece.top/.venv/lib/python3.12/site-packages/werkzeug/datastructures/headers.py", line 628, in __getitem__
    return self._get_key(key)
           ^^^^^^^^^^^^^^^^^^
  File "/www/wwwroot/repiece.top/.venv/lib/python3.12/site-packages/werkzeug/datastructures/headers.py", line 639, in _get_key
    return self.environ[f"HTTP_{key}"]  # type: ignore[no-any-return]
           ~~~~~~~~~~~~^^^^^^^^^^^^^^^
KeyError: 'HTTP_USER_AGENT'
